2026-04-09 10:21:49.811 | INFO     | __main__:check_bounces:15 - === バウンスチェック開始 ===
2026-04-09 10:21:50.032 | ERROR    | __main__:check_bounces:96 - IMAP接続エラー: 'NoneType' object has no attribute 'replace'
2026-04-09 10:29:06.655 | INFO     | __main__:check_bounces:16 - === バウンスチェック開始 ===
2026-04-09 10:29:06.656 | INFO     | __main__:check_bounces:17 - 接続情報: sv16675.xserver.jp:993 / marketing@luvira-biz.jp
2026-04-09 10:29:07.186 | INFO     | __main__:check_bounces:25 - ✅ IMAP ログイン成功
2026-04-09 10:29:07.278 | INFO     | __main__:check_bounces:70 - ✅ IMAP ログアウト
2026-04-09 10:29:07.438 | INFO     | __main__:check_bounces:95 - === バウンス集計完了 ===
2026-04-09 10:29:07.439 | INFO     | __main__:check_bounces:96 - 本日送信数: 0 件
2026-04-09 10:29:07.440 | INFO     | __main__:check_bounces:97 - 本日バウンス数: 0 件
2026-04-09 10:29:07.440 | INFO     | __main__:check_bounces:98 - バウンス率: 0.00%
2026-04-11 09:00:01.871 | INFO     | __main__:check_bounces:15 - === バウンスチェック開始 ===
2026-04-11 09:00:02.176 | ERROR    | __main__:check_bounces:96 - IMAP接続エラー: 'NoneType' object has no attribute 'replace'
2026-04-11 18:44:08.893 | INFO     | __main__:check_bounces:15 - === バウンスチェック開始 ===
2026-04-11 18:44:09.053 | ERROR    | __main__:check_bounces:96 - IMAP接続エラー: 'NoneType' object has no attribute 'replace'
2026-04-11 18:45:55.876 | INFO     | __main__:check_bounces:15 - === バウンスチェック開始 ===
2026-04-11 18:45:55.876 | INFO     | __main__:check_bounces:23 - 接続情報: sv16675.xserver.jp:993 / marketing@luvira-biz.jp
2026-04-11 18:45:55.876 | ERROR    | __main__:check_bounces:107 - IMAP接続エラー: IMAP_PASSWORD が設定されていません
2026-04-11 18:46:35.975 | INFO     | __main__:check_bounces:19 - === バウンスチェック開始 ===
2026-04-11 18:46:35.975 | INFO     | __main__:check_bounces:27 - 接続情報: sv16675.xserver.jp:993 / marketing@luvira-biz.jp
2026-04-11 18:46:36.436 | INFO     | __main__:check_bounces:35 - ✅ IMAP ログイン成功
2026-04-11 18:46:36.482 | INFO     | __main__:check_bounces:80 - ✅ IMAP ログアウト
2026-04-11 18:46:36.544 | INFO     | __main__:check_bounces:105 - === バウンス集計完了 ===
2026-04-11 18:46:36.545 | INFO     | __main__:check_bounces:106 - 本日送信数: 20 件
2026-04-11 18:46:36.545 | INFO     | __main__:check_bounces:107 - 本日バウンス数: 0 件
2026-04-11 18:46:36.545 | INFO     | __main__:check_bounces:108 - バウンス率: 0.00%
2026-04-12 09:00:03.632 | INFO     | __main__:check_bounces:19 - === バウンスチェック開始 ===
2026-04-12 09:00:03.640 | INFO     | __main__:check_bounces:27 - 接続情報: sv16675.xserver.jp:993 / marketing@luvira-biz.jp
2026-04-12 09:00:04.544 | INFO     | __main__:check_bounces:35 - ✅ IMAP ログイン成功
2026-04-12 09:00:04.693 | INFO     | __main__:check_bounces:80 - ✅ IMAP ログアウト
2026-04-12 09:00:04.937 | INFO     | __main__:check_bounces:105 - === バウンス集計完了 ===
2026-04-12 09:00:04.938 | INFO     | __main__:check_bounces:106 - 本日送信数: 0 件
2026-04-12 09:00:04.938 | INFO     | __main__:check_bounces:107 - 本日バウンス数: 0 件
2026-04-12 09:00:04.938 | INFO     | __main__:check_bounces:108 - バウンス率: 0.00%
2026-04-14 09:00:02.136 | INFO     | __main__:check_bounces:19 - === バウンスチェック開始 ===
2026-04-14 09:00:02.136 | INFO     | __main__:check_bounces:27 - 接続情報: sv16675.xserver.jp:993 / marketing@luvira-biz.jp
2026-04-14 09:00:03.083 | INFO     | __main__:check_bounces:35 - ✅ IMAP ログイン成功
2026-04-14 09:00:03.230 | INFO     | __main__:check_bounces:80 - ✅ IMAP ログアウト
2026-04-14 09:00:04.124 | INFO     | __main__:check_bounces:105 - === バウンス集計完了 ===
2026-04-14 09:00:04.125 | INFO     | __main__:check_bounces:106 - 本日送信数: 0 件
2026-04-14 09:00:04.125 | INFO     | __main__:check_bounces:107 - 本日バウンス数: 0 件
2026-04-14 09:00:04.125 | INFO     | __main__:check_bounces:108 - バウンス率: 0.00%
2026-04-17 09:00:01.980 | INFO     | __main__:check_bounces:19 - === バウンスチェック開始 ===
2026-04-17 09:00:01.994 | INFO     | __main__:check_bounces:27 - 接続情報: sv16675.xserver.jp:993 / marketing@luvira-biz.jp
2026-04-17 09:00:03.157 | INFO     | __main__:check_bounces:35 - ✅ IMAP ログイン成功
2026-04-17 09:00:03.320 | INFO     | __main__:check_bounces:80 - ✅ IMAP ログアウト
2026-04-17 09:00:03.447 | INFO     | __main__:check_bounces:105 - === バウンス集計完了 ===
2026-04-17 09:00:03.447 | INFO     | __main__:check_bounces:106 - 本日送信数: 0 件
2026-04-17 09:00:03.448 | INFO     | __main__:check_bounces:107 - 本日バウンス数: 0 件
2026-04-17 09:00:03.448 | INFO     | __main__:check_bounces:108 - バウンス率: 0.00%
2026-04-17 13:46:26.113 | INFO     | __main__:check_bounces:19 - === バウンスチェック開始 ===
2026-04-17 13:46:26.134 | INFO     | __main__:check_bounces:27 - 接続情報: sv16675.xserver.jp:993 / marketing@luvira-biz.jp
2026-04-17 13:46:26.523 | INFO     | __main__:check_bounces:35 - ✅ IMAP ログイン成功
2026-04-17 13:46:26.571 | INFO     | __main__:check_bounces:80 - ✅ IMAP ログアウト
2026-04-17 13:46:26.630 | INFO     | __main__:check_bounces:105 - === バウンス集計完了 ===
2026-04-17 13:46:26.630 | INFO     | __main__:check_bounces:106 - 本日送信数: 0 件
2026-04-17 13:46:26.630 | INFO     | __main__:check_bounces:107 - 本日バウンス数: 0 件
2026-04-17 13:46:26.631 | INFO     | __main__:check_bounces:108 - バウンス率: 0.00%
2026-04-18 09:00:02.311 | INFO     | __main__:check_bounces:19 - === バウンスチェック開始 ===
2026-04-18 09:00:02.327 | INFO     | __main__:check_bounces:27 - 接続情報: sv16675.xserver.jp:993 / marketing@luvira-biz.jp
2026-04-18 09:00:03.956 | INFO     | __main__:check_bounces:35 - ✅ IMAP ログイン成功
2026-04-18 09:00:04.207 | INFO     | __main__:check_bounces:80 - ✅ IMAP ログアウト
2026-04-18 09:00:04.357 | INFO     | __main__:check_bounces:105 - === バウンス集計完了 ===
2026-04-18 09:00:04.358 | INFO     | __main__:check_bounces:106 - 本日送信数: 0 件
2026-04-18 09:00:04.358 | INFO     | __main__:check_bounces:107 - 本日バウンス数: 0 件
2026-04-18 09:00:04.359 | INFO     | __main__:check_bounces:108 - バウンス率: 0.00%
2026-04-19 09:00:02.367 | INFO     | __main__:check_bounces:19 - === バウンスチェック開始 ===
2026-04-19 09:00:02.381 | INFO     | __main__:check_bounces:27 - 接続情報: sv16675.xserver.jp:993 / marketing@luvira-biz.jp
2026-04-19 09:00:03.482 | INFO     | __main__:check_bounces:35 - ✅ IMAP ログイン成功
2026-04-19 09:00:03.698 | INFO     | __main__:check_bounces:80 - ✅ IMAP ログアウト
2026-04-19 09:00:03.836 | INFO     | __main__:check_bounces:105 - === バウンス集計完了 ===
2026-04-19 09:00:03.837 | INFO     | __main__:check_bounces:106 - 本日送信数: 0 件
2026-04-19 09:00:03.837 | INFO     | __main__:check_bounces:107 - 本日バウンス数: 0 件
2026-04-19 09:00:03.837 | INFO     | __main__:check_bounces:108 - バウンス率: 0.00%
2026-04-20 09:00:06.327 | INFO     | __main__:check_bounces:19 - === バウンスチェック開始 ===
2026-04-20 09:00:06.340 | INFO     | __main__:check_bounces:27 - 接続情報: sv16675.xserver.jp:993 / marketing@luvira-biz.jp
2026-04-20 09:00:07.903 | INFO     | __main__:check_bounces:35 - ✅ IMAP ログイン成功
2026-04-20 09:00:08.200 | INFO     | __main__:check_bounces:80 - ✅ IMAP ログアウト
2026-04-20 09:00:08.314 | INFO     | __main__:check_bounces:105 - === バウンス集計完了 ===
2026-04-20 09:00:08.314 | INFO     | __main__:check_bounces:106 - 本日送信数: 0 件
2026-04-20 09:00:08.314 | INFO     | __main__:check_bounces:107 - 本日バウンス数: 0 件
2026-04-20 09:00:08.315 | INFO     | __main__:check_bounces:108 - バウンス率: 0.00%
2026-04-20 18:58:21.154 | INFO     | __main__:check_bounces:19 - === バウンスチェック開始 ===
2026-04-20 18:58:21.154 | INFO     | __main__:check_bounces:27 - 接続情報: sv16675.xserver.jp:993 / marketing@luvira-biz.jp
2026-04-20 18:58:22.861 | INFO     | __main__:check_bounces:35 - ✅ IMAP ログイン成功
2026-04-20 18:58:22.944 | INFO     | __main__:check_bounces:80 - ✅ IMAP ログアウト
2026-04-20 18:58:23.839 | INFO     | __main__:check_bounces:105 - === バウンス集計完了 ===
2026-04-20 18:58:23.839 | INFO     | __main__:check_bounces:106 - 本日送信数: 10 件
2026-04-20 18:58:23.839 | INFO     | __main__:check_bounces:107 - 本日バウンス数: 0 件
2026-04-20 18:58:23.839 | INFO     | __main__:check_bounces:108 - バウンス率: 0.00%
2026-04-21 09:55:39.469 | INFO     | __main__:check_bounces:19 - === バウンスチェック開始 ===
2026-04-21 09:55:39.469 | INFO     | __main__:check_bounces:27 - 接続情報: sv16675.xserver.jp:993 / marketing@luvira-biz.jp
2026-04-21 09:55:39.926 | INFO     | __main__:check_bounces:35 - ✅ IMAP ログイン成功
2026-04-21 09:55:39.975 | INFO     | __main__:check_bounces:80 - ✅ IMAP ログアウト
2026-04-21 09:55:40.050 | INFO     | __main__:check_bounces:105 - === バウンス集計完了 ===
2026-04-21 09:55:40.050 | INFO     | __main__:check_bounces:106 - 本日送信数: 0 件
2026-04-21 09:55:40.050 | INFO     | __main__:check_bounces:107 - 本日バウンス数: 0 件
2026-04-21 09:55:40.050 | INFO     | __main__:check_bounces:108 - バウンス率: 0.00%
2026-04-21 16:14:30.950 | INFO     | __main__:check_bounces:19 - === バウンスチェック開始 ===
2026-04-21 16:14:30.950 | INFO     | __main__:check_bounces:27 - 接続情報: sv16675.xserver.jp:993 / marketing@luvira-biz.jp
2026-04-21 16:14:31.384 | INFO     | __main__:check_bounces:35 - ✅ IMAP ログイン成功
2026-04-21 16:14:31.434 | INFO     | __main__:check_bounces:80 - ✅ IMAP ログアウト
2026-04-21 16:14:31.857 | INFO     | __main__:check_bounces:105 - === バウンス集計完了 ===
2026-04-21 16:14:31.857 | INFO     | __main__:check_bounces:106 - 本日送信数: 10 件
2026-04-21 16:14:31.857 | INFO     | __main__:check_bounces:107 - 本日バウンス数: 0 件
2026-04-21 16:14:31.857 | INFO     | __main__:check_bounces:108 - バウンス率: 0.00%
2026-04-21 22:23:59.446 | INFO     | __main__:check_bounces:19 - === バウンスチェック開始 ===
2026-04-21 22:23:59.446 | INFO     | __main__:check_bounces:27 - 接続情報: sv16675.xserver.jp:993 / marketing@luvira-biz.jp
2026-04-21 22:24:00.532 | INFO     | __main__:check_bounces:35 - ✅ IMAP ログイン成功
2026-04-21 22:24:00.624 | INFO     | __main__:check_bounces:80 - ✅ IMAP ログアウト
2026-04-21 22:24:00.683 | INFO     | __main__:check_bounces:105 - === バウンス集計完了 ===
2026-04-21 22:24:00.684 | INFO     | __main__:check_bounces:106 - 本日送信数: 0 件
2026-04-21 22:24:00.684 | INFO     | __main__:check_bounces:107 - 本日バウンス数: 0 件
2026-04-21 22:24:00.684 | INFO     | __main__:check_bounces:108 - バウンス率: 0.00%
2026-04-21 22:26:59.821 | INFO     | __main__:check_bounces:19 - === バウンスチェック開始 ===
2026-04-21 22:26:59.821 | INFO     | __main__:check_bounces:27 - 接続情報: sv16675.xserver.jp:993 / marketing@luvira-biz.jp
2026-04-21 22:27:00.475 | INFO     | __main__:check_bounces:35 - ✅ IMAP ログイン成功
2026-04-21 22:27:00.577 | INFO     | __main__:check_bounces:80 - ✅ IMAP ログアウト
2026-04-21 22:27:01.441 | INFO     | __main__:check_bounces:105 - === バウンス集計完了 ===
2026-04-21 22:27:01.441 | INFO     | __main__:check_bounces:106 - 本日送信数: 0 件
2026-04-21 22:27:01.441 | INFO     | __main__:check_bounces:107 - 本日バウンス数: 0 件
2026-04-21 22:27:01.441 | INFO     | __main__:check_bounces:108 - バウンス率: 0.00%
