============================================================
[SEND] 2026-04-27 22:12
会社名: 会社名
宛先: lend_house-consulting@yahoo.co.jp
通数: 1通目
件名: YouTube Insight「空き家活用隊」のテーマが168個に分散している課題
本文:
空き家活用隊 様

はじめまして。株式会社ルヴィラの成相と申します。

YouTube Studio から取得できる Insight データって、
「複数の同じテーマが別名で記録される」という課題、
ご存知ですか？

例えば、空き家活用隊の場合だと：
「コンテンツ制作」「動画制作」「映像制作」「クリエイティブ制作」

これらは全部「同じ意味」なのに、別々に記録されます。

結果として、テーマが 168 個に分散し、
「直近の動画」のような動画があっても
「マーケティング関連は全体の何%か」
という質問にすぐ答えられない状態になってます。

当社は「日本語に特化した AI」で、
この 168 個を「6 つに完全整理」するサービスを提供しています。

✅ 完全正規化（Unmapped = 0%）
✅ Semantic Purity 0.54 → 0.61（+13%）
✅ 毎月 2～3 時間の手作業が削減

空き家という

過去の動画

デモ分析（無料）で、実際の分類結果を見てみませんか？


--
成相（マーケティング担当）
株式会社ルヴィラ
TEL: 070-5595-9523
URL: https://luvira.co.jp
============================================================
[SEND] 2026-04-28 09:00
会社名: 会社名
宛先: sample@xx.co.jp
通数: 1通目
件名: YouTube Insight「kintone活用ちゃんねる」のテーマが168個に分散している課題
本文:
kintone活用ちゃんねる 様

はじめまして。株式会社ルヴィラの成相と申します。

YouTube Studio から取得できる Insight データって、
「複数の同じテーマが別名で記録される」という課題、
ご存知ですか？

例えば、kintone活用ちゃんねるの場合だと：
「コンテンツ制作」「動画制作」「映像制作」「クリエイティブ制作」

これらは全部「同じ意味」なのに、別々に記録されます。

結果として、テーマが 168 個に分散し、
「直近の動画」のような動画があっても
「マーケティング関連は全体の何%か」
という質問にすぐ答えられない状態になってます。

当社は「日本語に特化した AI」で、
この 168 個を「6 つに完全整理」するサービスを提供しています。

✅ 完全正規化（Unmapped = 0%）
✅ Semantic Purity 0.54 → 0.61（+13%）
✅ 毎月 2～3 時間の手作業が削減

kintone

過去の

デモ分析（無料）で、実際の分類結果を見てみませんか？


--
成相（マーケティング担当）
株式会社ルヴィラ
TEL: 070-5595-9523
URL: https://luvira.co.jp
============================================================
[SEND] 2026-04-28 09:20
会社名: 会社名
宛先: lend_house-consulting@yahoo.co.jp
通数: 2通目
件名: YouTube Insight「空き家活用隊」のテーマが168個に分散している課題
本文:
空き家活用隊 様

はじめまして。株式会社ルヴィラの成相と申します。

YouTube Studio から取得できる Insight データって、
「複数の同じテーマが別名で記録される」という課題、
ご存知ですか？

例えば、空き家活用隊の場合だと：
「コンテンツ制作」「動画制作」「映像制作」「クリエイティブ制作」

これらは全部「同じ意味」なのに、別々に記録されます。

結果として、テーマが 168 個に分散し、
「直近の動画」のような動画があっても
「マーケティング関連は全体の何%か」
という質問にすぐ答えられない状態になってます。

当社は「日本語に特化した AI」で、
この 168 個を「6 つに完全整理」するサービスを提供しています。

✅ 完全正規化（Unmapped = 0%）
✅ Semantic Purity 0.54 → 0.61（+13%）
✅ 毎月 2～3 時間の手作業が削減

空き家活用というテーマ

過去の動画が

デモ分析（無料）で、実際の分類結果を見てみませんか？


--
成相（マーケティング担当）
株式会社ルヴィラ
TEL: 070-5595-9523
URL: https://luvira.co.jp
============================================================
[SEND] 2026-04-28 09:50
会社名: 会社名
宛先: l.labo.clubhouse@gmail.com
通数: 3通目
件名: YouTube Insight「【自動化のカリスマ】まるちゃん〜自分の人生に熱狂する〜」のテーマが168個に分散している課題
本文:
【自動化のカリスマ】まるちゃん〜自分の人生に熱狂する〜 様

はじめまして。株式会社ルヴィラの成相と申します。

YouTube Studio から取得できる Insight データって、
「複数の同じテーマが別名で記録される」という課題、
ご存知ですか？

例えば、【自動化のカリスマ】まるちゃん〜自分の人生に熱狂する〜の場合だと：
「コンテンツ制作」「動画制作」「映像制作」「クリエイティブ制作」

これらは全部「同じ意味」なのに、別々に記録されます。

結果として、テーマが 168 個に分散し、
「直近の動画」のような動画があっても
「マーケティング関連は全体の何%か」
という質問にすぐ答えられない状態になってます。

当社は「日本語に特化した AI」で、
この 168 個を「6 つに完全整理」するサービスを提供しています。

✅ 完全正規化（Unmapped = 0%）
✅ Semantic Purity 0.54 → 0.61（+13%）
✅ 毎月 2～3 時間の手作業が削減

自動化や自己啓発

過去の投稿が

デモ分析（無料）で、実際の分類結果を見てみませんか？


--
成相（マーケティング担当）
株式会社ルヴィラ
TEL: 070-5595-9523
URL: https://luvira.co.jp
============================================================
[SEND] 2026-04-28 10:02
会社名: 会社名
宛先: tarou@sample.com
通数: 4通目
件名: YouTube Insight「AI搭載スライド自動生成サービス「イルシル」」のテーマが168個に分散している課題
本文:
AI搭載スライド自動生成サービス「イルシル」 様

はじめまして。株式会社ルヴィラの成相と申します。

YouTube Studio から取得できる Insight データって、
「複数の同じテーマが別名で記録される」という課題、
ご存知ですか？

例えば、AI搭載スライド自動生成サービス「イルシル」の場合だと：
「コンテンツ制作」「動画制作」「映像制作」「クリエイティブ制作」

これらは全部「同じ意味」なのに、別々に記録されます。

結果として、テーマが 168 個に分散し、
「直近の動画」のような動画があっても
「マーケティング関連は全体の何%か」
という質問にすぐ答えられない状態になってます。

当社は「日本語に特化した AI」で、
この 168 個を「6 つに完全整理」するサービスを提供しています。

✅ 完全正規化（Unmapped = 0%）
✅ Semantic Purity 0.54 → 0.61（+13%）
✅ 毎月 2～3 時間の手作業が削減

営業メール

成長トレンド：安定

デモ分析（無料）で、実際の分類結果を見てみませんか？


--
成相（マーケティング担当）
株式会社ルヴィラ
TEL: 070-5595-9523
URL: https://luvira.co.jp
============================================================
[SEND] 2026-04-28 10:20
会社名: 会社名
宛先: pmark@b-style.net
通数: 5通目
件名: YouTube Insight「分かるRPA・DXチャンネル　【ビースタイルバリューテクノロジーズ公式】」のテーマが168個に分散している課題
本文:
分かるRPA・DXチャンネル　【ビースタイルバリューテクノロジーズ公式】 様

はじめまして。株式会社ルヴィラの成相と申します。

YouTube Studio から取得できる Insight データって、
「複数の同じテーマが別名で記録される」という課題、
ご存知ですか？

例えば、分かるRPA・DXチャンネル　【ビースタイルバリューテクノロジーズ公式】の場合だと：
「コンテンツ制作」「動画制作」「映像制作」「クリエイティブ制作」

これらは全部「同じ意味」なのに、別々に記録されます。

結果として、テーマが 168 個に分散し、
「直近の動画」のような動画があっても
「マーケティング関連は全体の何%か」
という質問にすぐ答えられない状態になってます。

当社は「日本語に特化した AI」で、
この 168 個を「6 つに完全整理」するサービスを提供しています。

✅ 完全正規化（Unmapped = 0%）
✅ Semantic Purity 0.54 → 0.61（+13%）
✅ 毎月 2～3 時間の手作業が削減

RPAやDXといったテーマ

過去の動画が

デモ分析（無料）で、実際の分類結果を見てみませんか？


--
成相（マーケティング担当）
株式会社ルヴィラ
TEL: 070-5595-9523
URL: https://luvira.co.jp
============================================================
[SEND] 2026-04-28 10:31
会社名: 会社名
宛先: xxx@xx.com
通数: 6通目
件名: YouTube Insight「マーケティング研究所【雨と東京と株式会社】」のテーマが168個に分散している課題
本文:
マーケティング研究所【雨と東京と株式会社】 様

はじめまして。株式会社ルヴィラの成相と申します。

YouTube Studio から取得できる Insight データって、
「複数の同じテーマが別名で記録される」という課題、
ご存知ですか？

例えば、マーケティング研究所【雨と東京と株式会社】の場合だと：
「コンテンツ制作」「動画制作」「映像制作」「クリエイティブ制作」

これらは全部「同じ意味」なのに、別々に記録されます。

結果として、テーマが 168 個に分散し、
「直近の動画」のような動画があっても
「マーケティング関連は全体の何%か」
という質問にすぐ答えられない状態になってます。

当社は「日本語に特化した AI」で、
この 168 個を「6 つに完全整理」するサービスを提供しています。

✅ 完全正規化（Unmapped = 0%）
✅ Semantic Purity 0.54 → 0.61（+13%）
✅ 毎月 2～3 時間の手作業が削減

交ぜる -

過去

デモ分析（無料）で、実際の分類結果を見てみませんか？


--
成相（マーケティング担当）
株式会社ルヴィラ
TEL: 070-5595-9523
URL: https://luvira.co.jp
============================================================
[SEND] 2026-04-28 10:47
会社名: 会社名
宛先: consulting@s-bokan.com
通数: 7通目
件名: YouTube Insight「越境EC・海外WEBマーケティング_世界へボカン」のテーマが168個に分散している課題
本文:
越境EC・海外WEBマーケティング_世界へボカン 様

はじめまして。株式会社ルヴィラの成相と申します。

YouTube Studio から取得できる Insight データって、
「複数の同じテーマが別名で記録される」という課題、
ご存知ですか？

例えば、越境EC・海外WEBマーケティング_世界へボカンの場合だと：
「コンテンツ制作」「動画制作」「映像制作」「クリエイティブ制作」

これらは全部「同じ意味」なのに、別々に記録されます。

結果として、テーマが 168 個に分散し、
「直近の動画」のような動画があっても
「マーケティング関連は全体の何%か」
という質問にすぐ答えられない状態になってます。

当社は「日本語に特化した AI」で、
この 168 個を「6 つに完全整理」するサービスを提供しています。

✅ 完全正規化（Unmapped = 0%）
✅ Semantic Purity 0.54 → 0.61（+13%）
✅ 毎月 2～3 時間の手作業が削減

越

過去の動画や休眠

デモ分析（無料）で、実際の分類結果を見てみませんか？


--
成相（マーケティング担当）
株式会社ルヴィラ
TEL: 070-5595-9523
URL: https://luvira.co.jp
============================================================
[SEND] 2026-04-28 10:58
会社名: 会社名
宛先: xxx123@mail.com
通数: 8通目
件名: YouTube Insight「谷本理恵子の「女性」に売れる!プリンセス・マーケティング」のテーマが168個に分散している課題
本文:
谷本理恵子の「女性」に売れる!プリンセス・マーケティング 様

はじめまして。株式会社ルヴィラの成相と申します。

YouTube Studio から取得できる Insight データって、
「複数の同じテーマが別名で記録される」という課題、
ご存知ですか？

例えば、谷本理恵子の「女性」に売れる!プリンセス・マーケティングの場合だと：
「コンテンツ制作」「動画制作」「映像制作」「クリエイティブ制作」

これらは全部「同じ意味」なのに、別々に記録されます。

結果として、テーマが 168 個に分散し、
「直近の動画」のような動画があっても
「マーケティング関連は全体の何%か」
という質問にすぐ答えられない状態になってます。

当社は「日本語に特化した AI」で、
この 168 個を「6 つに完全整理」するサービスを提供しています。

✅ 完全正規化（Unmapped = 0%）
✅ Semantic Purity 0.54 → 0.61（+13%）
✅ 毎月 2～3 時間の手作業が削減

こと

過去の

デモ分析（無料）で、実際の分類結果を見てみませんか？


--
成相（マーケティング担当）
株式会社ルヴィラ
TEL: 070-5595-9523
URL: https://luvira.co.jp
============================================================
[SEND] 2026-04-30 09:03
会社名: 会社名
宛先: sample@xx.co.jp
通数: 1通目
件名: YouTube Insight「kintone活用ちゃんねる」のテーマが168個に分散している課題
本文:
kintone活用ちゃんねる 様

はじめまして。株式会社ルヴィラの成相と申します。

YouTube Studio から取得できる Insight データって、
「複数の同じテーマが別名で記録される」という課題、
ご存知ですか？

例えば、kintone活用ちゃんねるの場合だと：
「コンテンツ制作」「動画制作」「映像制作」「クリエイティブ制作」

これらは全部「同じ意味」なのに、別々に記録されます。

結果として、テーマが 168 個に分散し、
「直近の動画」のような動画があっても
「マーケティング関連は全体の何%か」
という質問にすぐ答えられない状態になってます。

当社は「日本語に特化した AI」で、
この 168 個を「6 つに完全整理」するサービスを提供しています。

✅ 完全正規化（Unmapped = 0%）
✅ Semantic Purity 0.54 → 0.61（+13%）
✅ 毎月 2～3 時間の手作業が削減

kintone活用という

観点を含

デモ分析（無料）で、実際の分類結果を見てみませんか？


--
成相（マーケティング担当）
株式会社ルヴィラ
TEL: 070-5595-9523
URL: https://luvira.co.jp
============================================================
[SEND] 2026-04-30 09:17
会社名: 会社名
宛先: info@webst8.com
通数: 2通目
件名: YouTube Insight「Web&AI活用術 WEBST8 ウェブストエイトチャンネル」のテーマが168個に分散している課題
本文:
Web&AI活用術 WEBST8 ウェブストエイトチャンネル 様

はじめまして。株式会社ルヴィラの成相と申します。

YouTube Studio から取得できる Insight データって、
「複数の同じテーマが別名で記録される」という課題、
ご存知ですか？

例えば、Web&AI活用術 WEBST8 ウェブストエイトチャンネルの場合だと：
「コンテンツ制作」「動画制作」「映像制作」「クリエイティブ制作」

これらは全部「同じ意味」なのに、別々に記録されます。

結果として、テーマが 168 個に分散し、
「直近の動画」のような動画があっても
「マーケティング関連は全体の何%か」
という質問にすぐ答えられない状態になってます。

当社は「日本語に特化した AI」で、
この 168 個を「6 つに完全整理」するサービスを提供しています。

✅ 完全正規化（Unmapped = 0%）
✅ Semantic Purity 0.54 → 0.61（+13%）
✅ 毎月 2～3 時間の手作業が削減

WebやAIの活用術

投稿が0本である

デモ分析（無料）で、実際の分類結果を見てみませんか？


--
成相（マーケティング担当）
株式会社ルヴィラ
TEL: 070-5595-9523
URL: https://luvira.co.jp
============================================================
[SEND] 2026-04-30 09:33
会社名: 会社名
宛先: membership@guga.or.jp
通数: 3通目
件名: YouTube Insight「GUGA_生成AI活用普及協会」のテーマが168個に分散している課題
本文:
GUGA_生成AI活用普及協会 様

はじめまして。株式会社ルヴィラの成相と申します。

YouTube Studio から取得できる Insight データって、
「複数の同じテーマが別名で記録される」という課題、
ご存知ですか？

例えば、GUGA_生成AI活用普及協会の場合だと：
「コンテンツ制作」「動画制作」「映像制作」「クリエイティブ制作」

これらは全部「同じ意味」なのに、別々に記録されます。

結果として、テーマが 168 個に分散し、
「直近の動画」のような動画があっても
「マーケティング関連は全体の何%か」
という質問にすぐ答えられない状態になってます。

当社は「日本語に特化した AI」で、
この 168 個を「6 つに完全整理」するサービスを提供しています。

✅ 完全正規化（Unmapped = 0%）
✅ Semantic Purity 0.54 → 0.61（+13%）
✅ 毎月 2～3 時間の手作業が削減

生成AIというテーマは

過去の動画がどの

デモ分析（無料）で、実際の分類結果を見てみませんか？


--
成相（マーケティング担当）
株式会社ルヴィラ
TEL: 070-5595-9523
URL: https://luvira.co.jp
============================================================
[SEND] 2026-04-30 09:50
会社名: 会社名
宛先: lend_house-consulting@yahoo.co.jp
通数: 4通目
件名: YouTube Insight「空き家活用隊」のテーマが168個に分散している課題
本文:
空き家活用隊 様

はじめまして。株式会社ルヴィラの成相と申します。

YouTube Studio から取得できる Insight データって、
「複数の同じテーマが別名で記録される」という課題、
ご存知ですか？

例えば、空き家活用隊の場合だと：
「コンテンツ制作」「動画制作」「映像制作」「クリエイティブ制作」

これらは全部「同じ意味」なのに、別々に記録されます。

結果として、テーマが 168 個に分散し、
「直近の動画」のような動画があっても
「マーケティング関連は全体の何%か」
という質問にすぐ答えられない状態になってます。

当社は「日本語に特化した AI」で、
この 168 個を「6 つに完全整理」するサービスを提供しています。

✅ 完全正規化（Unmapped = 0%）
✅ Semantic Purity 0.54 → 0.61（+13%）
✅ 毎月 2～3 時間の手作業が削減

空き家

過去

デモ分析（無料）で、実際の分類結果を見てみませんか？


--
成相（マーケティング担当）
株式会社ルヴィラ
TEL: 070-5595-9523
URL: https://luvira.co.jp
============================================================
[SEND] 2026-04-30 10:16
会社名: 会社名
宛先: info@umino-ai.com
通数: 5通目
件名: YouTube Insight「40歳からのAI活用塾」のテーマが168個に分散している課題
本文:
40歳からのAI活用塾 様

はじめまして。株式会社ルヴィラの成相と申します。

YouTube Studio から取得できる Insight データって、
「複数の同じテーマが別名で記録される」という課題、
ご存知ですか？

例えば、40歳からのAI活用塾の場合だと：
「コンテンツ制作」「動画制作」「映像制作」「クリエイティブ制作」

これらは全部「同じ意味」なのに、別々に記録されます。

結果として、テーマが 168 個に分散し、
「直近の動画」のような動画があっても
「マーケティング関連は全体の何%か」
という質問にすぐ答えられない状態になってます。

当社は「日本語に特化した AI」で、
この 168 個を「6 つに完全整理」するサービスを提供しています。

✅ 完全正規化（Unmapped = 0%）
✅ Semantic Purity 0.54 → 0.61（+13%）
✅ 毎月 2～3 時間の手作業が削減

最新

過去の

デモ分析（無料）で、実際の分類結果を見てみませんか？


--
成相（マーケティング担当）
株式会社ルヴィラ
TEL: 070-5595-9523
URL: https://luvira.co.jp
============================================================
[SEND] 2026-04-30 10:31
会社名: 会社名
宛先: info@densanbanto.com
通数: 6通目
件名: YouTube Insight「経営者のkintone活用」のテーマが168個に分散している課題
本文:
経営者のkintone活用 様

はじめまして。株式会社ルヴィラの成相と申します。

YouTube Studio から取得できる Insight データって、
「複数の同じテーマが別名で記録される」という課題、
ご存知ですか？

例えば、経営者のkintone活用の場合だと：
「コンテンツ制作」「動画制作」「映像制作」「クリエイティブ制作」

これらは全部「同じ意味」なのに、別々に記録されます。

結果として、テーマが 168 個に分散し、
「直近の動画」のような動画があっても
「マーケティング関連は全体の何%か」
という質問にすぐ答えられない状態になってます。

当社は「日本語に特化した AI」で、
この 168 個を「6 つに完全整理」するサービスを提供しています。

✅ 完全正規化（Unmapped = 0%）
✅ Semantic Purity 0.54 → 0.61（+13%）
✅ 毎月 2～3 時間の手作業が削減

最新動画を拝見

過去

デモ分析（無料）で、実際の分類結果を見てみませんか？


--
成相（マーケティング担当）
株式会社ルヴィラ
TEL: 070-5595-9523
URL: https://luvira.co.jp
============================================================
[SEND] 2026-04-30 10:46
会社名: 会社名
宛先: l.labo.clubhouse@gmail.com
通数: 7通目
件名: YouTube Insight「【自動化のカリスマ】まるちゃん〜自分の人生に熱狂する〜」のテーマが168個に分散している課題
本文:
【自動化のカリスマ】まるちゃん〜自分の人生に熱狂する〜 様

はじめまして。株式会社ルヴィラの成相と申します。

YouTube Studio から取得できる Insight データって、
「複数の同じテーマが別名で記録される」という課題、
ご存知ですか？

例えば、【自動化のカリスマ】まるちゃん〜自分の人生に熱狂する〜の場合だと：
「コンテンツ制作」「動画制作」「映像制作」「クリエイティブ制作」

これらは全部「同じ意味」なのに、別々に記録されます。

結果として、テーマが 168 個に分散し、
「直近の動画」のような動画があっても
「マーケティング関連は全体の何%か」
という質問にすぐ答えられない状態になってます。

当社は「日本語に特化した AI」で、
この 168 個を「6 つに完全整理」するサービスを提供しています。

✅ 完全正規化（Unmapped = 0%）
✅ Semantic Purity 0.54 → 0.61（+13%）
✅ 毎月 2～3 時間の手作業が削減

自動化や

過去の動画がどのテーマ

デモ分析（無料）で、実際の分類結果を見てみませんか？


--
成相（マーケティング担当）
株式会社ルヴィラ
TEL: 070-5595-9523
URL: https://luvira.co.jp
============================================================
[SEND] 2026-04-30 11:09
会社名: 会社名
宛先: tarou@sample.com
通数: 8通目
件名: YouTube Insight「AI搭載スライド自動生成サービス「イルシル」」のテーマが168個に分散している課題
本文:
AI搭載スライド自動生成サービス「イルシル」 様

はじめまして。株式会社ルヴィラの成相と申します。

YouTube Studio から取得できる Insight データって、
「複数の同じテーマが別名で記録される」という課題、
ご存知ですか？

例えば、AI搭載スライド自動生成サービス「イルシル」の場合だと：
「コンテンツ制作」「動画制作」「映像制作」「クリエイティブ制作」

これらは全部「同じ意味」なのに、別々に記録されます。

結果として、テーマが 168 個に分散し、
「直近の動画」のような動画があっても
「マーケティング関連は全体の何%か」
という質問にすぐ答えられない状態になってます。

当社は「日本語に特化した AI」で、
この 168 個を「6 つに完全整理」するサービスを提供しています。

✅ 完全正規化（Unmapped = 0%）
✅ Semantic Purity 0.54 → 0.61（+13%）
✅ 毎月 2～3 時間の手作業が削減

AIス

関連は何

デモ分析（無料）で、実際の分類結果を見てみませんか？


--
成相（マーケティング担当）
株式会社ルヴィラ
TEL: 070-5595-9523
URL: https://luvira.co.jp
============================================================
[SEND] 2026-04-30 11:37
会社名: 会社名
宛先: info@enegaeru.com
通数: 9通目
件名: YouTube Insight「太陽光 蓄電池の営業・提案支援ならエネがえる」のテーマが168個に分散している課題
本文:
太陽光 蓄電池の営業・提案支援ならエネがえる 様

はじめまして。株式会社ルヴィラの成相と申します。

YouTube Studio から取得できる Insight データって、
「複数の同じテーマが別名で記録される」という課題、
ご存知ですか？

例えば、太陽光 蓄電池の営業・提案支援ならエネがえるの場合だと：
「コンテンツ制作」「動画制作」「映像制作」「クリエイティブ制作」

これらは全部「同じ意味」なのに、別々に記録されます。

結果として、テーマが 168 個に分散し、
「直近の動画」のような動画があっても
「マーケティング関連は全体の何%か」
という質問にすぐ答えられない状態になってます。

当社は「日本語に特化した AI」で、
この 168 個を「6 つに完全整理」するサービスを提供しています。

✅ 完全正規化（Unmapped = 0%）
✅ Semantic Purity 0.54 → 0.61（+13%）
✅ 毎月 2～3 時間の手作業が削減

太陽光や蓄電池の

過去の投稿をマーケ

デモ分析（無料）で、実際の分類結果を見てみませんか？


--
成相（マーケティング担当）
株式会社ルヴィラ
TEL: 070-5595-9523
URL: https://luvira.co.jp
============================================================
[SEND] 2026-04-30 12:02
会社名: 会社名
宛先: pmark@b-style.net
通数: 10通目
件名: YouTube Insight「分かるRPA・DXチャンネル　【ビースタイルバリューテクノロジーズ公式】」のテーマが168個に分散している課題
本文:
分かるRPA・DXチャンネル　【ビースタイルバリューテクノロジーズ公式】 様

はじめまして。株式会社ルヴィラの成相と申します。

YouTube Studio から取得できる Insight データって、
「複数の同じテーマが別名で記録される」という課題、
ご存知ですか？

例えば、分かるRPA・DXチャンネル　【ビースタイルバリューテクノロジーズ公式】の場合だと：
「コンテンツ制作」「動画制作」「映像制作」「クリエイティブ制作」

これらは全部「同じ意味」なのに、別々に記録されます。

結果として、テーマが 168 個に分散し、
「直近の動画」のような動画があっても
「マーケティング関連は全体の何%か」
という質問にすぐ答えられない状態になってます。

当社は「日本語に特化した AI」で、
この 168 個を「6 つに完全整理」するサービスを提供しています。

✅ 完全正規化（Unmapped = 0%）
✅ Semantic Purity 0.54 → 0.61（+13%）
✅ 毎月 2～3 時間の手作業が削減

に成立する書き方にする

過去の動画

デモ分析（無料）で、実際の分類結果を見てみませんか？


--
成相（マーケティング担当）
株式会社ルヴィラ
TEL: 070-5595-9523
URL: https://luvira.co.jp
============================================================
[SEND] 2026-04-30 12:13
会社名: 会社名
宛先: xxx@xx.com
通数: 11通目
件名: YouTube Insight「マーケティング研究所【雨と東京と株式会社】」のテーマが168個に分散している課題
本文:
マーケティング研究所【雨と東京と株式会社】 様

はじめまして。株式会社ルヴィラの成相と申します。

YouTube Studio から取得できる Insight データって、
「複数の同じテーマが別名で記録される」という課題、
ご存知ですか？

例えば、マーケティング研究所【雨と東京と株式会社】の場合だと：
「コンテンツ制作」「動画制作」「映像制作」「クリエイティブ制作」

これらは全部「同じ意味」なのに、別々に記録されます。

結果として、テーマが 168 個に分散し、
「直近の動画」のような動画があっても
「マーケティング関連は全体の何%か」
という質問にすぐ答えられない状態になってます。

当社は「日本語に特化した AI」で、
この 168 個を「6 つに完全整理」するサービスを提供しています。

✅ 完全正規化（Unmapped = 0%）
✅ Semantic Purity 0.54 → 0.61（+13%）
✅ 毎月 2～3 時間の手作業が削減

マーケティング関連

過去の

デモ分析（無料）で、実際の分類結果を見てみませんか？


--
成相（マーケティング担当）
株式会社ルヴィラ
TEL: 070-5595-9523
URL: https://luvira.co.jp
============================================================
[SEND] 2026-04-30 12:36
会社名: 会社名
宛先: consulting@s-bokan.com
通数: 12通目
件名: YouTube Insight「越境EC・海外WEBマーケティング_世界へボカン」のテーマが168個に分散している課題
本文:
越境EC・海外WEBマーケティング_世界へボカン 様

はじめまして。株式会社ルヴィラの成相と申します。

YouTube Studio から取得できる Insight データって、
「複数の同じテーマが別名で記録される」という課題、
ご存知ですか？

例えば、越境EC・海外WEBマーケティング_世界へボカンの場合だと：
「コンテンツ制作」「動画制作」「映像制作」「クリエイティブ制作」

これらは全部「同じ意味」なのに、別々に記録されます。

結果として、テーマが 168 個に分散し、
「直近の動画」のような動画があっても
「マーケティング関連は全体の何%か」
という質問にすぐ答えられない状態になってます。

当社は「日本語に特化した AI」で、
この 168 個を「6 つに完全整理」するサービスを提供しています。

✅ 完全正規化（Unmapped = 0%）
✅ Semantic Purity 0.54 → 0.61（+13%）
✅ 毎月 2～3 時間の手作業が削減

越境ECというテーマは

過去の動画が「マーケ

デモ分析（無料）で、実際の分類結果を見てみませんか？


--
成相（マーケティング担当）
株式会社ルヴィラ
TEL: 070-5595-9523
URL: https://luvira.co.jp
============================================================
[SEND] 2026-04-30 13:01
会社名: 会社名
宛先: xxx123@mail.com
通数: 13通目
件名: YouTube Insight「谷本理恵子の「女性」に売れる!プリンセス・マーケティング」のテーマが168個に分散している課題
本文:
谷本理恵子の「女性」に売れる!プリンセス・マーケティング 様

はじめまして。株式会社ルヴィラの成相と申します。

YouTube Studio から取得できる Insight データって、
「複数の同じテーマが別名で記録される」という課題、
ご存知ですか？

例えば、谷本理恵子の「女性」に売れる!プリンセス・マーケティングの場合だと：
「コンテンツ制作」「動画制作」「映像制作」「クリエイティブ制作」

これらは全部「同じ意味」なのに、別々に記録されます。

結果として、テーマが 168 個に分散し、
「直近の動画」のような動画があっても
「マーケティング関連は全体の何%か」
という質問にすぐ答えられない状態になってます。

当社は「日本語に特化した AI」で、
この 168 個を「6 つに完全整理」するサービスを提供しています。

✅ 完全正規化（Unmapped = 0%）
✅ Semantic Purity 0.54 → 0.61（+13%）
✅ 毎月 2～3 時間の手作業が削減

女性向け

過去の動画がどのテーマ

デモ分析（無料）で、実際の分類結果を見てみませんか？


--
成相（マーケティング担当）
株式会社ルヴィラ
TEL: 070-5595-9523
URL: https://luvira.co.jp
============================================================
[SEND] 2026-04-30 13:12
会社名: 会社名
宛先: info@acacia-web.com
通数: 14通目
件名: YouTube Insight「YouTubeマーケティング研究所 by 株式会社アカシア」のテーマが168個に分散している課題
本文:
YouTubeマーケティング研究所 by 株式会社アカシア 様

はじめまして。株式会社ルヴィラの成相と申します。

YouTube Studio から取得できる Insight データって、
「複数の同じテーマが別名で記録される」という課題、
ご存知ですか？

例えば、YouTubeマーケティング研究所 by 株式会社アカシアの場合だと：
「コンテンツ制作」「動画制作」「映像制作」「クリエイティブ制作」

これらは全部「同じ意味」なのに、別々に記録されます。

結果として、テーマが 168 個に分散し、
「直近の動画」のような動画があっても
「マーケティング関連は全体の何%か」
という質問にすぐ答えられない状態になってます。

当社は「日本語に特化した AI」で、
この 168 個を「6 つに完全整理」するサービスを提供しています。

✅ 完全正規化（Unmapped = 0%）
✅ Semantic Purity 0.54 → 0.61（+13%）
✅ 毎月 2～3 時間の手作業が削減

：「このテーマは Insight で

過去の投稿テーマ分類

デモ分析（無料）で、実際の分類結果を見てみませんか？


--
成相（マーケティング担当）
株式会社ルヴィラ
TEL: 070-5595-9523
URL: https://luvira.co.jp
============================================================
[SEND] 2026-04-30 13:29
会社名: 会社名
宛先: info@event-marketing.co.jp
通数: 15通目
件名: YouTube Insight「イベントマーケティング」のテーマが168個に分散している課題
本文:
イベントマーケティング 様

はじめまして。株式会社ルヴィラの成相と申します。

YouTube Studio から取得できる Insight データって、
「複数の同じテーマが別名で記録される」という課題、
ご存知ですか？

例えば、イベントマーケティングの場合だと：
「コンテンツ制作」「動画制作」「映像制作」「クリエイティブ制作」

これらは全部「同じ意味」なのに、別々に記録されます。

結果として、テーマが 168 個に分散し、
「直近の動画」のような動画があっても
「マーケティング関連は全体の何%か」
という質問にすぐ答えられない状態になってます。

当社は「日本語に特化した AI」で、
この 168 個を「6 つに完全整理」するサービスを提供しています。

✅ 完全正規化（Unmapped = 0%）
✅ Semantic Purity 0.54 → 0.61（+13%）
✅ 毎月 2～3 時間の手作業が削減

「イベント

過去の動画のテーマ分散

デモ分析（無料）で、実際の分類結果を見てみませんか？


--
成相（マーケティング担当）
株式会社ルヴィラ
TEL: 070-5595-9523
URL: https://luvira.co.jp
