2026-03-29 22:57:10.839 | INFO     | __main__:run_send:29 - ============================================================
2026-03-29 22:57:10.839 | INFO     | __main__:run_send:30 - 送信フロー開始 (dry_run=True)
2026-03-29 22:57:10.839 | INFO     | __main__:run_send:31 - ============================================================
2026-03-29 22:57:10.839 | INFO     | __main__:run_send:34 - 
=== Step 4: 送信対象リード取得 ===
2026-03-29 22:57:10.865 | INFO     | crm_manager:_get_client:154 - Google Sheets クライアント初期化完了
2026-03-29 22:57:11.751 | INFO     | crm_manager:_get_spreadsheet:162 - スプレッドシート接続完了: SNS動画活用企業向け営業CRM管理シート
2026-03-29 22:57:12.288 | DEBUG    | crm_manager:get_all_leads:190 - 全リード取得: 34件
2026-03-30 07:32:22.575 | INFO     | __main__:run_send:29 - ============================================================
2026-03-30 07:32:22.609 | INFO     | __main__:run_send:30 - 送信フロー開始 (dry_run=True)
2026-03-30 07:32:22.609 | INFO     | __main__:run_send:31 - ============================================================
2026-03-30 07:32:22.609 | INFO     | __main__:run_send:34 - 
=== Step 4: 送信対象リード取得 ===
2026-03-30 07:32:22.675 | INFO     | crm_manager:_get_client:154 - Google Sheets クライアント初期化完了
2026-03-30 07:32:23.835 | INFO     | crm_manager:_get_spreadsheet:162 - スプレッドシート接続完了: SNS動画活用企業向け営業CRM管理シート
2026-03-30 07:32:24.529 | DEBUG    | crm_manager:get_all_leads:190 - 全リード取得: 34件
2026-03-30 07:32:24.530 | INFO     | crm_manager:get_pending_leads:442 - 送信対象リード: 1件
2026-03-30 07:32:24.530 | INFO     | __main__:run_send:37 - 送信対象: 1件
2026-03-30 07:32:24.530 | INFO     | __main__:run_send:55 - 
処理中: ECの未来®
2026-03-30 07:32:24.530 | INFO     | __main__:run_send:60 - メール送信: ECの未来® → nari.o.0715.masa.0619@gmail.com
2026-03-30 07:32:24.530 | ERROR    | __main__:run_send:113 - ❌ 送信エラー [ECの未来®]: generate_email() missing 1 required positional argument: 'email_num'
2026-03-30 07:32:24.530 | INFO     | __main__:run_send:117 - 
============================================================
2026-03-30 07:32:24.530 | INFO     | __main__:run_send:118 - 📊 送信フロー結果
2026-03-30 07:32:24.530 | INFO     | __main__:run_send:119 - ============================================================
2026-03-30 07:32:24.530 | INFO     | __main__:run_send:120 - メール送信: 0件
2026-03-30 07:32:24.530 | INFO     | __main__:run_send:121 - フォーム送信: 0件
2026-03-30 07:32:24.530 | INFO     | __main__:run_send:122 - エラー: 1件
2026-03-30 07:32:24.530 | INFO     | __main__:run_send:125 -   - 送信エラー: ECの未来®
2026-03-30 07:32:24.530 | INFO     | __main__:run_send:126 - ✅ 送信フロー完了
2026-03-30 07:32:24.531 | INFO     | __main__:run_send:127 - ============================================================
2026-03-30 07:33:20.912 | INFO     | __main__:run_send:29 - ============================================================
2026-03-30 07:33:20.913 | INFO     | __main__:run_send:30 - 送信フロー開始 (dry_run=True)
2026-03-30 07:33:20.913 | INFO     | __main__:run_send:31 - ============================================================
2026-03-30 07:33:20.913 | INFO     | __main__:run_send:34 - 
=== Step 4: 送信対象リード取得 ===
2026-03-30 07:33:20.938 | INFO     | crm_manager:_get_client:154 - Google Sheets クライアント初期化完了
2026-03-30 07:33:21.806 | INFO     | crm_manager:_get_spreadsheet:162 - スプレッドシート接続完了: SNS動画活用企業向け営業CRM管理シート
2026-03-30 07:33:22.523 | DEBUG    | crm_manager:get_all_leads:190 - 全リード取得: 34件
2026-03-30 07:33:22.524 | INFO     | crm_manager:get_pending_leads:442 - 送信対象リード: 1件
2026-03-30 07:33:22.524 | INFO     | __main__:run_send:37 - 送信対象: 1件
2026-03-30 07:33:22.524 | INFO     | __main__:run_send:55 - 
処理中: ECの未来®
2026-03-30 07:33:22.524 | INFO     | __main__:run_send:60 - メール送信: ECの未来® → nari.o.0715.masa.0619@gmail.com
2026-03-30 07:33:22.524 | INFO     | email_generator:generate_email:485 - メール生成開始: ECの未来® - 1通目
2026-03-30 07:33:26.920 | WARNING  | email_generator:_generate_video_comment:129 - 動画コメント生成失敗: RetryError[<Future at 0x1bc807f9310 state=finished raised NotFound>]
2026-03-30 07:33:31.160 | WARNING  | email_generator:_generate_improvement_hint:195 - 改善ポイント生成失敗: RetryError[<Future at 0x1bc80c86210 state=finished raised NotFound>]
2026-03-30 07:33:31.162 | INFO     | email_generator:generate_email:526 - メール生成完了: [1通目] 件名: ECの未来®様の「YouTube動画」を拝見しました...
2026-03-30 07:33:31.162 | INFO     | __main__:run_send:79 - [DRY-RUN] メール送信: ECの未来®
2026-03-30 07:33:31.162 | INFO     | __main__:run_send:117 - 
============================================================
2026-03-30 07:33:31.162 | INFO     | __main__:run_send:118 - 📊 送信フロー結果
2026-03-30 07:33:31.162 | INFO     | __main__:run_send:119 - ============================================================
2026-03-30 07:33:31.162 | INFO     | __main__:run_send:120 - メール送信: 1件
2026-03-30 07:33:31.162 | INFO     | __main__:run_send:121 - フォーム送信: 0件
2026-03-30 07:33:31.162 | INFO     | __main__:run_send:122 - エラー: 0件
2026-03-30 07:33:31.162 | INFO     | __main__:run_send:126 - ✅ 送信フロー完了
2026-03-30 07:33:31.162 | INFO     | __main__:run_send:127 - ============================================================
2026-03-30 07:39:01.558 | INFO     | __main__:run_send:29 - ============================================================
2026-03-30 07:39:01.558 | INFO     | __main__:run_send:30 - 送信フロー開始 (dry_run=True)
2026-03-30 07:39:01.559 | INFO     | __main__:run_send:31 - ============================================================
2026-03-30 07:39:01.559 | INFO     | __main__:run_send:34 - 
=== Step 4: 送信対象リード取得 ===
2026-03-30 07:39:01.583 | INFO     | crm_manager:_get_client:154 - Google Sheets クライアント初期化完了
2026-03-30 07:39:02.744 | INFO     | crm_manager:_get_spreadsheet:162 - スプレッドシート接続完了: SNS動画活用企業向け営業CRM管理シート
2026-03-30 07:39:03.384 | DEBUG    | crm_manager:get_all_leads:190 - 全リード取得: 34件
2026-03-30 07:39:03.386 | INFO     | crm_manager:get_pending_leads:442 - 送信対象リード: 1件
2026-03-30 07:39:03.386 | INFO     | __main__:run_send:37 - 送信対象: 1件
2026-03-30 07:39:03.386 | INFO     | __main__:run_send:55 - 
処理中: ECの未来®
2026-03-30 07:39:03.386 | INFO     | __main__:run_send:60 - メール送信: ECの未来® → nari.o.0715.masa.0619@gmail.com
2026-03-30 07:39:03.386 | INFO     | email_generator:generate_email:485 - メール生成開始: ECの未来® - 1通目
2026-03-30 07:39:07.723 | WARNING  | email_generator:_generate_video_comment:129 - 動画コメント生成失敗: RetryError[<Future at 0x2719100d450 state=finished raised NotFound>]
2026-03-30 07:39:12.024 | WARNING  | email_generator:_generate_improvement_hint:195 - 改善ポイント生成失敗: RetryError[<Future at 0x27191476210 state=finished raised NotFound>]
2026-03-30 07:39:12.026 | INFO     | email_generator:generate_email:526 - メール生成完了: [1通目] 件名: ECの未来®様の「YouTube動画」を拝見しました...
2026-03-30 07:39:12.026 | INFO     | __main__:run_send:79 - [DRY-RUN] メール送信: ECの未来®
2026-03-30 07:39:12.027 | INFO     | __main__:run_send:117 - 
============================================================
2026-03-30 07:39:12.027 | INFO     | __main__:run_send:118 - 📊 送信フロー結果
2026-03-30 07:39:12.027 | INFO     | __main__:run_send:119 - ============================================================
2026-03-30 07:39:12.027 | INFO     | __main__:run_send:120 - メール送信: 1件
2026-03-30 07:39:12.027 | INFO     | __main__:run_send:121 - フォーム送信: 0件
2026-03-30 07:39:12.028 | INFO     | __main__:run_send:122 - エラー: 0件
2026-03-30 07:39:12.028 | INFO     | __main__:run_send:126 - ✅ 送信フロー完了
2026-03-30 07:39:12.028 | INFO     | __main__:run_send:127 - ============================================================
2026-03-30 07:42:46.996 | INFO     | __main__:run_send:29 - ============================================================
2026-03-30 07:42:47.015 | INFO     | __main__:run_send:30 - 送信フロー開始 (dry_run=True)
2026-03-30 07:42:47.016 | INFO     | __main__:run_send:31 - ============================================================
2026-03-30 07:42:47.016 | INFO     | __main__:run_send:34 - 
=== Step 4: 送信対象リード取得 ===
2026-03-30 07:42:47.042 | INFO     | crm_manager:_get_client:154 - Google Sheets クライアント初期化完了
2026-03-30 07:42:47.966 | INFO     | crm_manager:_get_spreadsheet:162 - スプレッドシート接続完了: SNS動画活用企業向け営業CRM管理シート
2026-03-30 07:42:48.615 | DEBUG    | crm_manager:get_all_leads:190 - 全リード取得: 34件
2026-03-30 07:42:48.615 | INFO     | crm_manager:get_pending_leads:442 - 送信対象リード: 1件
2026-03-30 07:42:48.615 | INFO     | __main__:run_send:37 - 送信対象: 1件
2026-03-30 07:42:48.616 | INFO     | __main__:run_send:55 - 
処理中: ECの未来®
2026-03-30 07:42:48.616 | INFO     | __main__:run_send:60 - メール送信: ECの未来® → nari.o.0715.masa.0619@gmail.com
2026-03-30 07:42:48.616 | INFO     | email_generator:generate_email:485 - メール生成開始: ECの未来® - 1通目
2026-03-30 07:42:55.523 | INFO     | email_generator:generate_email:526 - メール生成完了: [1通目] 件名: ECの未来®様の「YouTube動画」を拝見しました...
2026-03-30 07:42:55.525 | INFO     | __main__:run_send:79 - [DRY-RUN] メール送信: ECの未来®
2026-03-30 07:42:55.525 | INFO     | __main__:run_send:117 - 
============================================================
2026-03-30 07:42:55.525 | INFO     | __main__:run_send:118 - 📊 送信フロー結果
2026-03-30 07:42:55.525 | INFO     | __main__:run_send:119 - ============================================================
2026-03-30 07:42:55.525 | INFO     | __main__:run_send:120 - メール送信: 1件
2026-03-30 07:42:55.525 | INFO     | __main__:run_send:121 - フォーム送信: 0件
2026-03-30 07:42:55.525 | INFO     | __main__:run_send:122 - エラー: 0件
2026-03-30 07:42:55.525 | INFO     | __main__:run_send:126 - ✅ 送信フロー完了
2026-03-30 07:42:55.525 | INFO     | __main__:run_send:127 - ============================================================
